빌드 시작: 2011-11-15 오후 9:40:57
     1>2 노드의 "C:\Users\CE\Desktop\101899_김유경\101899_김유경\101899_김유경.vcxproj" 프로젝트(build 대상)입니다.
     1>InitializeBuildStatus:
         "AlwaysCreate"이(가) 지정되었기 때문에 "Debug\101899_김유경.unsuccessfulbuild"을(를) 만들고 있습니다.
       ClCompile:
         c:\Program Files\Microsoft Visual Studio 10.0\VC\bin\CL.exe /c /ZI /nologo /W3 /WX- /Od /Oy- /D WIN32 /D _DEBUG /D _CONSOLE /D _UNICODE /D UNICODE /Gm /EHsc /RTC1 /MDd /GS /fp:precise /Zc:wchar_t /Zc:forScope /Fo"Debug\\" /Fd"Debug\vc100.pdb" /Gd /TP /analyze- /errorReport:prompt cache.cpp
         cache.cpp
     1>c:\users\ce\desktop\101899_김유경\101899_김유경\cache.cpp(54): warning C4996: 'fopen': This function or variable may be unsafe. Consider using fopen_s instead. To disable deprecation, use _CRT_SECURE_NO_WARNINGS. See online help for details.
                 c:\program files\microsoft visual studio 10.0\vc\include\stdio.h(234) : 'fopen' 선언을 참조하십시오.
     1>c:\users\ce\desktop\101899_김유경\101899_김유경\cache.cpp(63): warning C4996: 'scanf': This function or variable may be unsafe. Consider using scanf_s instead. To disable deprecation, use _CRT_SECURE_NO_WARNINGS. See online help for details.
                 c:\program files\microsoft visual studio 10.0\vc\include\stdio.h(304) : 'scanf' 선언을 참조하십시오.
     1>c:\users\ce\desktop\101899_김유경\101899_김유경\cache.cpp(65): warning C4996: 'scanf': This function or variable may be unsafe. Consider using scanf_s instead. To disable deprecation, use _CRT_SECURE_NO_WARNINGS. See online help for details.
                 c:\program files\microsoft visual studio 10.0\vc\include\stdio.h(304) : 'scanf' 선언을 참조하십시오.
     1>c:\users\ce\desktop\101899_김유경\101899_김유경\cache.cpp(68): warning C4244: '초기화 중' : 'int'에서 'float'(으)로 변환하면서 데이터가 손실될 수 있습니다.
     1>c:\users\ce\desktop\101899_김유경\101899_김유경\cache.cpp(70): warning C4244: '초기화 중' : 'double'에서 'int'(으)로 변환하면서 데이터가 손실될 수 있습니다.
     1>c:\users\ce\desktop\101899_김유경\101899_김유경\cache.cpp(72): warning C4244: '초기화 중' : 'double'에서 'int'(으)로 변환하면서 데이터가 손실될 수 있습니다.
     1>c:\users\ce\desktop\101899_김유경\101899_김유경\cache.cpp(111): warning C4996: 'fscanf': This function or variable may be unsafe. Consider using fscanf_s instead. To disable deprecation, use _CRT_SECURE_NO_WARNINGS. See online help for details.
                 c:\program files\microsoft visual studio 10.0\vc\include\stdio.h(253) : 'fscanf' 선언을 참조하십시오.
     1>c:\users\ce\desktop\101899_김유경\101899_김유경\cache.cpp(112): warning C4996: 'fscanf': This function or variable may be unsafe. Consider using fscanf_s instead. To disable deprecation, use _CRT_SECURE_NO_WARNINGS. See online help for details.
                 c:\program files\microsoft visual studio 10.0\vc\include\stdio.h(253) : 'fscanf' 선언을 참조하십시오.
       ManifestResourceCompile:
         모든 출력이 최신 상태입니다.
       Link:
         c:\Program Files\Microsoft Visual Studio 10.0\VC\bin\link.exe /ERRORREPORT:PROMPT /OUT:"C:\Users\CE\Desktop\101899_김유경\Debug\101899_김유경.exe" /INCREMENTAL /NOLOGO kernel32.lib user32.lib gdi32.lib winspool.lib comdlg32.lib advapi32.lib shell32.lib ole32.lib oleaut32.lib uuid.lib odbc32.lib odbccp32.lib /MANIFEST /ManifestFile:"Debug\101899_김유경.exe.intermediate.manifest" /MANIFESTUAC:"level='asInvoker' uiAccess='false'" /DEBUG /PDB:"C:\Users\CE\Desktop\101899_김유경\Debug\101899_김유경.pdb" /SUBSYSTEM:CONSOLE /TLBID:1 /DYNAMICBASE /NXCOMPAT /IMPLIB:"C:\Users\CE\Desktop\101899_김유경\Debug\101899_김유경.lib" /MACHINE:X86 "Debug\101899_김유경.exe.embed.manifest.res"
         Debug\cache.obj
       Manifest:
         c:\Program Files\Microsoft SDKs\Windows\v7.0A\bin\mt.exe /nologo /verbose /out:"Debug\101899_김유경.exe.embed.manifest" /manifest "Debug\101899_김유경.exe.intermediate.manifest"
         모든 출력이 최신 상태입니다.
       LinkEmbedManifest:
         모든 출력이 최신 상태입니다.
         101899_김유경.vcxproj -> C:\Users\CE\Desktop\101899_김유경\Debug\101899_김유경.exe
       FinalizeBuildStatus:
         "Debug\101899_김유경.unsuccessfulbuild" 파일을 삭제하고 있습니다.
         "Debug\101899_김유경.lastbuildstate"에 연결(touching)하고 있습니다.
     1>"C:\Users\CE\Desktop\101899_김유경\101899_김유경\101899_김유경.vcxproj" 프로젝트를 빌드했습니다(build 대상).

빌드했습니다.

경과 시간: 00:00:00.46
